-------------------------------------------------------------------------------
Test set: cn.cyyaw.config.table.service.PPageServiceTest
-------------------------------------------------------------------------------
Tests run: 1, Failures: 0, Errors: 1, Skipped: 0, Time elapsed: 1.541 s <<< FAILURE! - in cn.cyyaw.config.table.service.PPageServiceTest
test01  Time elapsed: 0 s  <<< ERROR!
java.lang.IllegalStateException: Failed to load ApplicationContext
Caused by: org.springframework.beans.factory.BeanCreationException: Error creating bean with name 'adminShiroConfig': Injection of autowired dependencies failed; nested exception is java.lang.IllegalArgumentException: Could not resolve placeholder 'shiro.hashAlgorithmName' in value "${shiro.hashAlgorithmName}"
Caused by: java.lang.IllegalArgumentException: Could not resolve placeholder 'shiro.hashAlgorithmName' in value "${shiro.hashAlgorithmName}"

